<?xml version="1.0" encoding="UTF-8"?>
<testsuite xmlns:xsi="http://www.w3.org/2001/XMLSchema-instance" xsi:noNamespaceSchemaLocation="https://maven.apache.org/surefire/maven-surefire-plugin/xsd/surefire-test-report-3.0.xsd" version="3.0" name="services.SalleServiceTest" time="0.938" tests="5" errors="0" skipped="0" failures="0">
  <properties>
[...]
</properties>
  <testcase name="testFindAll" classname="services.SalleServiceTest" time="0.888">
    <system-out><![CDATA[Hibernate: 
    insert 
    into
        salles
        (code) 
    values
        (?)
Hibernate: 
    select
        salle0_.id as id1_1_,
        salle0_.code as code2_1_ 
    from
        salles salle0_
Hibernate: 
    select
        machines0_.salle_id as salle_id4_0_0_,
        machines0_.id as id1_0_0_,
        machines0_.id as id1_0_1_,
        machines0_.dateAchat as dateacha2_0_1_,
        machines0_.ref as ref3_0_1_,
        machines0_.salle_id as salle_id4_0_1_ 
    from
        Machine machines0_ 
    where
        machines0_.salle_id=?
Hibernate: 
    select
        salle0_.id as id1_1_0_,
        salle0_.code as code2_1_0_,
        machines1_.salle_id as salle_id4_0_1_,
        machines1_.id as id1_0_1_,
        machines1_.id as id1_0_2_,
        machines1_.dateAchat as dateacha2_0_2_,
        machines1_.ref as ref3_0_2_,
        machines1_.salle_id as salle_id4_0_2_ 
    from
        salles salle0_ 
    left outer join
        Machine machines1_ 
            on salle0_.id=machines1_.salle_id 
    where
        salle0_.id=?
Hibernate: 
    delete 
    from
        salles 
    where
        id=?
]]></system-out>
    <system-err><![CDATA[nov. 09, 2025 4:56:34 P.M. org.hibernate.Version logVersion
INFO: HHH000412: Hibernate ORM core version 5.6.9.Final
nov. 09, 2025 4:56:35 P.M. org.hibernate.boot.jaxb.internal.stax.LocalXmlResourceResolver resolveEntity
WARN: HHH90000012: Recognized obsolete hibernate namespace http://hibernate.sourceforge.net/hibernate-configuration. Use namespace http://www.hibernate.org/dtd/hibernate-configuration instead.  Support for obsolete DTD/XSD namespaces may be removed at any time.
nov. 09, 2025 4:56:35 P.M. org.hibernate.annotations.common.reflection.java.JavaReflectionManager <clinit>
INFO: HCANN000001: Hibernate Commons Annotations {5.1.2.Final}
nov. 09, 2025 4:56:35 P.M. org.hibernate.engine.jdbc.connections.internal.DriverManagerConnectionProviderImpl configure
WARN: HHH10001002: Using Hibernate built-in connection pool (not for production use!)
nov. 09, 2025 4:56:35 P.M. org.hibernate.engine.jdbc.connections.internal.DriverManagerConnectionProviderImpl buildCreator
INFO: HHH10001005: using driver [com.mysql.cj.jdbc.Driver] at URL [jdbc:mysql://localhost:3306/base11?zeroDateTimeBehavior=convertToNull&useSSL=false&serverTimezone=UTC]
nov. 09, 2025 4:56:35 P.M. org.hibernate.engine.jdbc.connections.internal.DriverManagerConnectionProviderImpl buildCreator
INFO: HHH10001001: Connection properties: {password=****, user=root}
nov. 09, 2025 4:56:35 P.M. org.hibernate.engine.jdbc.connections.internal.DriverManagerConnectionProviderImpl buildCreator
INFO: HHH10001003: Autocommit mode: false
nov. 09, 2025 4:56:35 P.M. org.hibernate.engine.jdbc.connections.internal.DriverManagerConnectionProviderImpl$PooledConnections <init>
INFO: HHH000115: Hibernate connection pool size: 20 (min=1)
nov. 09, 2025 4:56:35 P.M. org.hibernate.dialect.Dialect <init>
INFO: HHH000400: Using dialect: org.hibernate.dialect.MySQL8Dialect
nov. 09, 2025 4:56:35 P.M. org.hibernate.resource.transaction.backend.jdbc.internal.DdlTransactionIsolatorNonJtaImpl getIsolatedConnection
INFO: HHH10001501: Connection obtained from JdbcConnectionAccess [org.hibernate.engine.jdbc.env.internal.JdbcEnvironmentInitiator$ConnectionProviderJdbcConnectionAccess@5377414a] for (non-JTA) DDL execution was not in auto-commit mode; the Connection 'local transaction' will be committed and the Connection will be set into auto-commit mode.
nov. 09, 2025 4:56:35 P.M. org.hibernate.engine.transaction.jta.platform.internal.JtaPlatformInitiator initiateService
INFO: HHH000490: Using JtaPlatform implementation: [org.hibernate.engine.transaction.jta.platform.internal.NoJtaPlatform]
]]></system-err>
  </testcase>
  <testcase name="testFindById" classname="services.SalleServiceTest" time="0.005">
    <system-out><![CDATA[Hibernate: 
    insert 
    into
        salles
        (code) 
    values
        (?)
Hibernate: 
    select
        salle0_.id as id1_1_0_,
        salle0_.code as code2_1_0_,
        machines1_.salle_id as salle_id4_0_1_,
        machines1_.id as id1_0_1_,
        machines1_.id as id1_0_2_,
        machines1_.dateAchat as dateacha2_0_2_,
        machines1_.ref as ref3_0_2_,
        machines1_.salle_id as salle_id4_0_2_ 
    from
        salles salle0_ 
    left outer join
        Machine machines1_ 
            on salle0_.id=machines1_.salle_id 
    where
        salle0_.id=?
Hibernate: 
    select
        salle0_.id as id1_1_0_,
        salle0_.code as code2_1_0_,
        machines1_.salle_id as salle_id4_0_1_,
        machines1_.id as id1_0_1_,
        machines1_.id as id1_0_2_,
        machines1_.dateAchat as dateacha2_0_2_,
        machines1_.ref as ref3_0_2_,
        machines1_.salle_id as salle_id4_0_2_ 
    from
        salles salle0_ 
    left outer join
        Machine machines1_ 
            on salle0_.id=machines1_.salle_id 
    where
        salle0_.id=?
Hibernate: 
    delete 
    from
        salles 
    where
        id=?
]]></system-out>
  </testcase>
  <testcase name="testCreate" classname="services.SalleServiceTest" time="0.005">
    <system-out><![CDATA[Hibernate: 
    insert 
    into
        salles
        (code) 
    values
        (?)
Hibernate: 
    select
        salle0_.id as id1_1_0_,
        salle0_.code as code2_1_0_,
        machines1_.salle_id as salle_id4_0_1_,
        machines1_.id as id1_0_1_,
        machines1_.id as id1_0_2_,
        machines1_.dateAchat as dateacha2_0_2_,
        machines1_.ref as ref3_0_2_,
        machines1_.salle_id as salle_id4_0_2_ 
    from
        salles salle0_ 
    left outer join
        Machine machines1_ 
            on salle0_.id=machines1_.salle_id 
    where
        salle0_.id=?
Hibernate: 
    delete 
    from
        salles 
    where
        id=?
]]></system-out>
  </testcase>
  <testcase name="testDelete" classname="services.SalleServiceTest" time="0.005">
    <system-out><![CDATA[Hibernate: 
    insert 
    into
        salles
        (code) 
    values
        (?)
Hibernate: 
    delete 
    from
        salles 
    where
        id=?
Hibernate: 
    select
        salle0_.id as id1_1_0_,
        salle0_.code as code2_1_0_,
        machines1_.salle_id as salle_id4_0_1_,
        machines1_.id as id1_0_1_,
        machines1_.id as id1_0_2_,
        machines1_.dateAchat as dateacha2_0_2_,
        machines1_.ref as ref3_0_2_,
        machines1_.salle_id as salle_id4_0_2_ 
    from
        salles salle0_ 
    left outer join
        Machine machines1_ 
            on salle0_.id=machines1_.salle_id 
    where
        salle0_.id=?
Hibernate: 
    select
        salle0_.id as id1_1_0_,
        salle0_.code as code2_1_0_,
        machines1_.salle_id as salle_id4_0_1_,
        machines1_.id as id1_0_1_,
        machines1_.id as id1_0_2_,
        machines1_.dateAchat as dateacha2_0_2_,
        machines1_.ref as ref3_0_2_,
        machines1_.salle_id as salle_id4_0_2_ 
    from
        salles salle0_ 
    left outer join
        Machine machines1_ 
            on salle0_.id=machines1_.salle_id 
    where
        salle0_.id=?
]]></system-out>
  </testcase>
  <testcase name="testUpdate" classname="services.SalleServiceTest" time="0.008">
    <system-out><![CDATA[Hibernate: 
    insert 
    into
        salles
        (code) 
    values
        (?)
Hibernate: 
    update
        salles 
    set
        code=? 
    where
        id=?
Hibernate: 
    select
        salle0_.id as id1_1_0_,
        salle0_.code as code2_1_0_,
        machines1_.salle_id as salle_id4_0_1_,
        machines1_.id as id1_0_1_,
        machines1_.id as id1_0_2_,
        machines1_.dateAchat as dateacha2_0_2_,
        machines1_.ref as ref3_0_2_,
        machines1_.salle_id as salle_id4_0_2_ 
    from
        salles salle0_ 
    left outer join
        Machine machines1_ 
            on salle0_.id=machines1_.salle_id 
    where
        salle0_.id=?
Hibernate: 
    select
        salle0_.id as id1_1_0_,
        salle0_.code as code2_1_0_,
        machines1_.salle_id as salle_id4_0_1_,
        machines1_.id as id1_0_1_,
        machines1_.id as id1_0_2_,
        machines1_.dateAchat as dateacha2_0_2_,
        machines1_.ref as ref3_0_2_,
        machines1_.salle_id as salle_id4_0_2_ 
    from
        salles salle0_ 
    left outer join
        Machine machines1_ 
            on salle0_.id=machines1_.salle_id 
    where
        salle0_.id=?
Hibernate: 
    delete 
    from
        salles 
    where
        id=?
]]></system-out>
  </testcase>
</testsuite>