<?xml version="1.0" encoding="UTF-8"?>
<testsuite xmlns:xsi="http://www.w3.org/2001/XMLSchema-instance" xsi:noNamespaceSchemaLocation="https://maven.apache.org/surefire/maven-surefire-plugin/xsd/surefire-test-report-3.0.xsd" version="3.0" name="services.MachineServiceTest" time="0.079" tests="5" errors="0" skipped="0" failures="0">
  <properties>
[...]
</properties>
  <testcase name="testFindBetweenDate" classname="services.MachineServiceTest" time="0.022">
    <system-out><![CDATA[Hibernate: 
    insert 
    into
        salles
        (code) 
    values
        (?)
Hibernate: 
    insert 
    into
        Machine
        (dateAchat, ref, salle_id) 
    values
        (?, ?, ?)
Hibernate: 
    select
        machine0_.id as id1_0_,
        machine0_.dateAchat as dateacha2_0_,
        machine0_.ref as ref3_0_,
        machine0_.salle_id as salle_id4_0_ 
    from
        Machine machine0_ 
    where
        machine0_.dateAchat between ? and ?
Hibernate: 
    select
        salle0_.id as id1_1_0_,
        salle0_.code as code2_1_0_,
        machines1_.salle_id as salle_id4_0_1_,
        machines1_.id as id1_0_1_,
        machines1_.id as id1_0_2_,
        machines1_.dateAchat as dateacha2_0_2_,
        machines1_.ref as ref3_0_2_,
        machines1_.salle_id as salle_id4_0_2_ 
    from
        salles salle0_ 
    left outer join
        Machine machines1_ 
            on salle0_.id=machines1_.salle_id 
    where
        salle0_.id=?
Hibernate: 
    select
        machine0_.id as id1_0_0_,
        machine0_.dateAchat as dateacha2_0_0_,
        machine0_.ref as ref3_0_0_,
        machine0_.salle_id as salle_id4_0_0_,
        salle1_.id as id1_1_1_,
        salle1_.code as code2_1_1_ 
    from
        Machine machine0_ 
    left outer join
        salles salle1_ 
            on machine0_.salle_id=salle1_.id 
    where
        machine0_.id=?
Hibernate: 
    select
        machines0_.salle_id as salle_id4_0_0_,
        machines0_.id as id1_0_0_,
        machines0_.id as id1_0_1_,
        machines0_.dateAchat as dateacha2_0_1_,
        machines0_.ref as ref3_0_1_,
        machines0_.salle_id as salle_id4_0_1_ 
    from
        Machine machines0_ 
    where
        machines0_.salle_id=?
Hibernate: 
    delete 
    from
        Machine 
    where
        id=?
Hibernate: 
    select
        salle0_.id as id1_1_0_,
        salle0_.code as code2_1_0_,
        machines1_.salle_id as salle_id4_0_1_,
        machines1_.id as id1_0_1_,
        machines1_.id as id1_0_2_,
        machines1_.dateAchat as dateacha2_0_2_,
        machines1_.ref as ref3_0_2_,
        machines1_.salle_id as salle_id4_0_2_ 
    from
        salles salle0_ 
    left outer join
        Machine machines1_ 
            on salle0_.id=machines1_.salle_id 
    where
        salle0_.id=?
Hibernate: 
    delete 
    from
        salles 
    where
        id=?
]]></system-out>
  </testcase>
  <testcase name="testFindById" classname="services.MachineServiceTest" time="0.013">
    <system-out><![CDATA[Hibernate: 
    insert 
    into
        salles
        (code) 
    values
        (?)
Hibernate: 
    insert 
    into
        Machine
        (dateAchat, ref, salle_id) 
    values
        (?, ?, ?)
Hibernate: 
    select
        machine0_.id as id1_0_0_,
        machine0_.dateAchat as dateacha2_0_0_,
        machine0_.ref as ref3_0_0_,
        machine0_.salle_id as salle_id4_0_0_,
        salle1_.id as id1_1_1_,
        salle1_.code as code2_1_1_ 
    from
        Machine machine0_ 
    left outer join
        salles salle1_ 
            on machine0_.salle_id=salle1_.id 
    where
        machine0_.id=?
Hibernate: 
    select
        machines0_.salle_id as salle_id4_0_0_,
        machines0_.id as id1_0_0_,
        machines0_.id as id1_0_1_,
        machines0_.dateAchat as dateacha2_0_1_,
        machines0_.ref as ref3_0_1_,
        machines0_.salle_id as salle_id4_0_1_ 
    from
        Machine machines0_ 
    where
        machines0_.salle_id=?
Hibernate: 
    select
        machine0_.id as id1_0_0_,
        machine0_.dateAchat as dateacha2_0_0_,
        machine0_.ref as ref3_0_0_,
        machine0_.salle_id as salle_id4_0_0_,
        salle1_.id as id1_1_1_,
        salle1_.code as code2_1_1_ 
    from
        Machine machine0_ 
    left outer join
        salles salle1_ 
            on machine0_.salle_id=salle1_.id 
    where
        machine0_.id=?
Hibernate: 
    select
        machines0_.salle_id as salle_id4_0_0_,
        machines0_.id as id1_0_0_,
        machines0_.id as id1_0_1_,
        machines0_.dateAchat as dateacha2_0_1_,
        machines0_.ref as ref3_0_1_,
        machines0_.salle_id as salle_id4_0_1_ 
    from
        Machine machines0_ 
    where
        machines0_.salle_id=?
Hibernate: 
    delete 
    from
        Machine 
    where
        id=?
Hibernate: 
    select
        salle0_.id as id1_1_0_,
        salle0_.code as code2_1_0_,
        machines1_.salle_id as salle_id4_0_1_,
        machines1_.id as id1_0_1_,
        machines1_.id as id1_0_2_,
        machines1_.dateAchat as dateacha2_0_2_,
        machines1_.ref as ref3_0_2_,
        machines1_.salle_id as salle_id4_0_2_ 
    from
        salles salle0_ 
    left outer join
        Machine machines1_ 
            on salle0_.id=machines1_.salle_id 
    where
        salle0_.id=?
Hibernate: 
    delete 
    from
        salles 
    where
        id=?
]]></system-out>
  </testcase>
  <testcase name="testCreate" classname="services.MachineServiceTest" time="0.01">
    <system-out><![CDATA[Hibernate: 
    insert 
    into
        salles
        (code) 
    values
        (?)
Hibernate: 
    insert 
    into
        Machine
        (dateAchat, ref, salle_id) 
    values
        (?, ?, ?)
Hibernate: 
    select
        machine0_.id as id1_0_0_,
        machine0_.dateAchat as dateacha2_0_0_,
        machine0_.ref as ref3_0_0_,
        machine0_.salle_id as salle_id4_0_0_,
        salle1_.id as id1_1_1_,
        salle1_.code as code2_1_1_ 
    from
        Machine machine0_ 
    left outer join
        salles salle1_ 
            on machine0_.salle_id=salle1_.id 
    where
        machine0_.id=?
Hibernate: 
    select
        machines0_.salle_id as salle_id4_0_0_,
        machines0_.id as id1_0_0_,
        machines0_.id as id1_0_1_,
        machines0_.dateAchat as dateacha2_0_1_,
        machines0_.ref as ref3_0_1_,
        machines0_.salle_id as salle_id4_0_1_ 
    from
        Machine machines0_ 
    where
        machines0_.salle_id=?
Hibernate: 
    delete 
    from
        Machine 
    where
        id=?
Hibernate: 
    select
        salle0_.id as id1_1_0_,
        salle0_.code as code2_1_0_,
        machines1_.salle_id as salle_id4_0_1_,
        machines1_.id as id1_0_1_,
        machines1_.id as id1_0_2_,
        machines1_.dateAchat as dateacha2_0_2_,
        machines1_.ref as ref3_0_2_,
        machines1_.salle_id as salle_id4_0_2_ 
    from
        salles salle0_ 
    left outer join
        Machine machines1_ 
            on salle0_.id=machines1_.salle_id 
    where
        salle0_.id=?
Hibernate: 
    delete 
    from
        salles 
    where
        id=?
]]></system-out>
  </testcase>
  <testcase name="testDelete" classname="services.MachineServiceTest" time="0.017">
    <system-out><![CDATA[Hibernate: 
    insert 
    into
        salles
        (code) 
    values
        (?)
Hibernate: 
    insert 
    into
        Machine
        (dateAchat, ref, salle_id) 
    values
        (?, ?, ?)
Hibernate: 
    delete 
    from
        Machine 
    where
        id=?
Hibernate: 
    select
        machine0_.id as id1_0_0_,
        machine0_.dateAchat as dateacha2_0_0_,
        machine0_.ref as ref3_0_0_,
        machine0_.salle_id as salle_id4_0_0_,
        salle1_.id as id1_1_1_,
        salle1_.code as code2_1_1_ 
    from
        Machine machine0_ 
    left outer join
        salles salle1_ 
            on machine0_.salle_id=salle1_.id 
    where
        machine0_.id=?
Hibernate: 
    select
        machine0_.id as id1_0_0_,
        machine0_.dateAchat as dateacha2_0_0_,
        machine0_.ref as ref3_0_0_,
        machine0_.salle_id as salle_id4_0_0_,
        salle1_.id as id1_1_1_,
        salle1_.code as code2_1_1_ 
    from
        Machine machine0_ 
    left outer join
        salles salle1_ 
            on machine0_.salle_id=salle1_.id 
    where
        machine0_.id=?
Hibernate: 
    select
        salle0_.id as id1_1_0_,
        salle0_.code as code2_1_0_,
        machines1_.salle_id as salle_id4_0_1_,
        machines1_.id as id1_0_1_,
        machines1_.id as id1_0_2_,
        machines1_.dateAchat as dateacha2_0_2_,
        machines1_.ref as ref3_0_2_,
        machines1_.salle_id as salle_id4_0_2_ 
    from
        salles salle0_ 
    left outer join
        Machine machines1_ 
            on salle0_.id=machines1_.salle_id 
    where
        salle0_.id=?
Hibernate: 
    delete 
    from
        salles 
    where
        id=?
]]></system-out>
  </testcase>
  <testcase name="testUpdate" classname="services.MachineServiceTest" time="0.017">
    <system-out><![CDATA[Hibernate: 
    insert 
    into
        salles
        (code) 
    values
        (?)
Hibernate: 
    insert 
    into
        Machine
        (dateAchat, ref, salle_id) 
    values
        (?, ?, ?)
Hibernate: 
    update
        Machine 
    set
        dateAchat=?,
        ref=?,
        salle_id=? 
    where
        id=?
Hibernate: 
    select
        machine0_.id as id1_0_0_,
        machine0_.dateAchat as dateacha2_0_0_,
        machine0_.ref as ref3_0_0_,
        machine0_.salle_id as salle_id4_0_0_,
        salle1_.id as id1_1_1_,
        salle1_.code as code2_1_1_ 
    from
        Machine machine0_ 
    left outer join
        salles salle1_ 
            on machine0_.salle_id=salle1_.id 
    where
        machine0_.id=?
Hibernate: 
    select
        machines0_.salle_id as salle_id4_0_0_,
        machines0_.id as id1_0_0_,
        machines0_.id as id1_0_1_,
        machines0_.dateAchat as dateacha2_0_1_,
        machines0_.ref as ref3_0_1_,
        machines0_.salle_id as salle_id4_0_1_ 
    from
        Machine machines0_ 
    where
        machines0_.salle_id=?
Hibernate: 
    select
        machine0_.id as id1_0_0_,
        machine0_.dateAchat as dateacha2_0_0_,
        machine0_.ref as ref3_0_0_,
        machine0_.salle_id as salle_id4_0_0_,
        salle1_.id as id1_1_1_,
        salle1_.code as code2_1_1_ 
    from
        Machine machine0_ 
    left outer join
        salles salle1_ 
            on machine0_.salle_id=salle1_.id 
    where
        machine0_.id=?
Hibernate: 
    select
        machines0_.salle_id as salle_id4_0_0_,
        machines0_.id as id1_0_0_,
        machines0_.id as id1_0_1_,
        machines0_.dateAchat as dateacha2_0_1_,
        machines0_.ref as ref3_0_1_,
        machines0_.salle_id as salle_id4_0_1_ 
    from
        Machine machines0_ 
    where
        machines0_.salle_id=?
Hibernate: 
    delete 
    from
        Machine 
    where
        id=?
Hibernate: 
    select
        salle0_.id as id1_1_0_,
        salle0_.code as code2_1_0_,
        machines1_.salle_id as salle_id4_0_1_,
        machines1_.id as id1_0_1_,
        machines1_.id as id1_0_2_,
        machines1_.dateAchat as dateacha2_0_2_,
        machines1_.ref as ref3_0_2_,
        machines1_.salle_id as salle_id4_0_2_ 
    from
        salles salle0_ 
    left outer join
        Machine machines1_ 
            on salle0_.id=machines1_.salle_id 
    where
        salle0_.id=?
Hibernate: 
    delete 
    from
        salles 
    where
        id=?
]]></system-out>
  </testcase>
</testsuite>